  Visual Effects Image Stitch.cpp
d:\course_project\visual effects image stitch\visual effects image stitch\visual effects image stitch.cpp(79): warning C4244: '正在初始化': 將 '_Tp' 轉換為 'int'，由於類型不同，可能導致資料遺失
          with
          [
              _Tp=float
          ]
d:\course_project\visual effects image stitch\visual effects image stitch\visual effects image stitch.cpp(80): warning C4244: '正在初始化': 將 '_Tp' 轉換為 'int'，由於類型不同，可能導致資料遺失
          with
          [
              _Tp=float
          ]
d:\course_project\visual effects image stitch\visual effects image stitch\visual effects image stitch.cpp(96): warning C4244: '正在初始化': 將 'double' 轉換為 'int'，由於類型不同，可能導致資料遺失
d:\course_project\visual effects image stitch\visual effects image stitch\visual effects image stitch.cpp(160): warning C4244: '=': 將 'double' 轉換為 'int'，由於類型不同，可能導致資料遺失
d:\course_project\visual effects image stitch\visual effects image stitch\visual effects image stitch.cpp(168): warning C4244: '引數': 將 'int' 轉換為 '_Tp'，由於類型不同，可能導致資料遺失
          with
          [
              _Tp=float
          ]
d:\course_project\visual effects image stitch\visual effects image stitch\visual effects image stitch.cpp(178): warning C4244: '引數': 將 '_Tp' 轉換為 'float'，由於類型不同，可能導致資料遺失
          with
          [
              _Tp=double
          ]
d:\course_project\visual effects image stitch\visual effects image stitch\visual effects image stitch.cpp(229): warning C4244: '正在初始化': 將 '_Tp' 轉換為 'int'，由於類型不同，可能導致資料遺失
          with
          [
              _Tp=float
          ]
d:\course_project\visual effects image stitch\visual effects image stitch\visual effects image stitch.cpp(230): warning C4244: '正在初始化': 將 '_Tp' 轉換為 'int'，由於類型不同，可能導致資料遺失
          with
          [
              _Tp=float
          ]
d:\course_project\visual effects image stitch\visual effects image stitch\visual effects image stitch.cpp(236): warning C4244: '正在初始化': 將 '_Tp' 轉換為 'int'，由於類型不同，可能導致資料遺失
          with
          [
              _Tp=float
          ]
d:\course_project\visual effects image stitch\visual effects image stitch\visual effects image stitch.cpp(237): warning C4244: '正在初始化': 將 '_Tp' 轉換為 'int'，由於類型不同，可能導致資料遺失
          with
          [
              _Tp=float
          ]
d:\course_project\visual effects image stitch\visual effects image stitch\visual effects image stitch.cpp(238): warning C4244: '正在初始化': 將 '_Tp' 轉換為 'int'，由於類型不同，可能導致資料遺失
          with
          [
              _Tp=float
          ]
d:\course_project\visual effects image stitch\visual effects image stitch\visual effects image stitch.cpp(239): warning C4244: '正在初始化': 將 '_Tp' 轉換為 'int'，由於類型不同，可能導致資料遺失
          with
          [
              _Tp=float
          ]
d:\course_project\visual effects image stitch\visual effects image stitch\visual effects image stitch.cpp(240): warning C4244: '正在初始化': 將 'double' 轉換為 'float'，由於類型不同，可能導致資料遺失
d:\course_project\visual effects image stitch\visual effects image stitch\visual effects image stitch.cpp(284): warning C4244: '正在初始化': 將 '_Tp' 轉換為 'int'，由於類型不同，可能導致資料遺失
          with
          [
              _Tp=float
          ]
d:\course_project\visual effects image stitch\visual effects image stitch\visual effects image stitch.cpp(285): warning C4244: '正在初始化': 將 '_Tp' 轉換為 'int'，由於類型不同，可能導致資料遺失
          with
          [
              _Tp=float
          ]
d:\course_project\visual effects image stitch\visual effects image stitch\visual effects image stitch.cpp(291): warning C4244: '正在初始化': 將 '_Tp' 轉換為 'int'，由於類型不同，可能導致資料遺失
          with
          [
              _Tp=float
          ]
d:\course_project\visual effects image stitch\visual effects image stitch\visual effects image stitch.cpp(292): warning C4244: '正在初始化': 將 '_Tp' 轉換為 'int'，由於類型不同，可能導致資料遺失
          with
          [
              _Tp=float
          ]
d:\course_project\visual effects image stitch\visual effects image stitch\visual effects image stitch.cpp(314): warning C4244: '正在初始化': 將 '_Tp' 轉換為 'int'，由於類型不同，可能導致資料遺失
          with
          [
              _Tp=float
          ]
d:\course_project\visual effects image stitch\visual effects image stitch\visual effects image stitch.cpp(315): warning C4244: '正在初始化': 將 '_Tp' 轉換為 'int'，由於類型不同，可能導致資料遺失
          with
          [
              _Tp=float
          ]
d:\course_project\visual effects image stitch\visual effects image stitch\visual effects image stitch.cpp(316): warning C4244: '正在初始化': 將 '_Tp' 轉換為 'int'，由於類型不同，可能導致資料遺失
          with
          [
              _Tp=float
          ]
d:\course_project\visual effects image stitch\visual effects image stitch\visual effects image stitch.cpp(317): warning C4244: '正在初始化': 將 '_Tp' 轉換為 'int'，由於類型不同，可能導致資料遺失
          with
          [
              _Tp=float
          ]
  Visual Effects Image Stitch.vcxproj -> D:\Course_project\Visual Effects Image Stitch\x64\Debug\Visual Effects Image Stitch.exe
