  Visual Effects Image Stitch.cpp
d:\course_project\visual effects image stitch\visual effects image stitch\visual effects image stitch.cpp(86): warning C4244: '正在初始化': 將 '_Tp' 轉換為 'int'，由於類型不同，可能導致資料遺失
          with
          [
              _Tp=float
          ]
d:\course_project\visual effects image stitch\visual effects image stitch\visual effects image stitch.cpp(87): warning C4244: '正在初始化': 將 '_Tp' 轉換為 'int'，由於類型不同，可能導致資料遺失
          with
          [
              _Tp=float
          ]
d:\course_project\visual effects image stitch\visual effects image stitch\visual effects image stitch.cpp(103): warning C4244: '正在初始化': 將 'double' 轉換為 'int'，由於類型不同，可能導致資料遺失
d:\course_project\visual effects image stitch\visual effects image stitch\visual effects image stitch.cpp(167): warning C4244: '=': 將 'double' 轉換為 'int'，由於類型不同，可能導致資料遺失
d:\course_project\visual effects image stitch\visual effects image stitch\visual effects image stitch.cpp(175): warning C4244: '引數': 將 'int' 轉換為 '_Tp'，由於類型不同，可能導致資料遺失
          with
          [
              _Tp=float
          ]
d:\course_project\visual effects image stitch\visual effects image stitch\visual effects image stitch.cpp(183): warning C4244: '引數': 將 '_Tp' 轉換為 'float'，由於類型不同，可能導致資料遺失
          with
          [
              _Tp=double
          ]
d:\course_project\visual effects image stitch\visual effects image stitch\visual effects image stitch.cpp(267): warning C4244: '正在初始化': 將 '_Tp' 轉換為 'int'，由於類型不同，可能導致資料遺失
          with
          [
              _Tp=float
          ]
d:\course_project\visual effects image stitch\visual effects image stitch\visual effects image stitch.cpp(268): warning C4244: '正在初始化': 將 '_Tp' 轉換為 'int'，由於類型不同，可能導致資料遺失
          with
          [
              _Tp=float
          ]
d:\course_project\visual effects image stitch\visual effects image stitch\visual effects image stitch.cpp(269): warning C4244: '正在初始化': 將 '_Tp' 轉換為 'int'，由於類型不同，可能導致資料遺失
          with
          [
              _Tp=float
          ]
d:\course_project\visual effects image stitch\visual effects image stitch\visual effects image stitch.cpp(270): warning C4244: '正在初始化': 將 '_Tp' 轉換為 'int'，由於類型不同，可能導致資料遺失
          with
          [
              _Tp=float
          ]
d:\course_project\visual effects image stitch\visual effects image stitch\visual effects image stitch.cpp(280): warning C4244: '=': 將 'double' 轉換為 'int'，由於類型不同，可能導致資料遺失
d:\course_project\visual effects image stitch\visual effects image stitch\visual effects image stitch.cpp(306): warning C4244: '正在初始化': 將 '_Tp' 轉換為 'int'，由於類型不同，可能導致資料遺失
          with
          [
              _Tp=float
          ]
d:\course_project\visual effects image stitch\visual effects image stitch\visual effects image stitch.cpp(307): warning C4244: '正在初始化': 將 '_Tp' 轉換為 'int'，由於類型不同，可能導致資料遺失
          with
          [
              _Tp=float
          ]
d:\course_project\visual effects image stitch\visual effects image stitch\visual effects image stitch.cpp(313): warning C4244: '正在初始化': 將 '_Tp' 轉換為 'int'，由於類型不同，可能導致資料遺失
          with
          [
              _Tp=float
          ]
d:\course_project\visual effects image stitch\visual effects image stitch\visual effects image stitch.cpp(314): warning C4244: '正在初始化': 將 '_Tp' 轉換為 'int'，由於類型不同，可能導致資料遺失
          with
          [
              _Tp=float
          ]
d:\course_project\visual effects image stitch\visual effects image stitch\visual effects image stitch.cpp(315): warning C4244: '正在初始化': 將 '_Tp' 轉換為 'int'，由於類型不同，可能導致資料遺失
          with
          [
              _Tp=float
          ]
d:\course_project\visual effects image stitch\visual effects image stitch\visual effects image stitch.cpp(316): warning C4244: '正在初始化': 將 '_Tp' 轉換為 'int'，由於類型不同，可能導致資料遺失
          with
          [
              _Tp=float
          ]
d:\course_project\visual effects image stitch\visual effects image stitch\visual effects image stitch.cpp(317): warning C4244: '正在初始化': 將 'double' 轉換為 'float'，由於類型不同，可能導致資料遺失
d:\course_project\visual effects image stitch\visual effects image stitch\visual effects image stitch.cpp(362): warning C4244: '正在初始化': 將 '_Tp' 轉換為 'int'，由於類型不同，可能導致資料遺失
          with
          [
              _Tp=float
          ]
d:\course_project\visual effects image stitch\visual effects image stitch\visual effects image stitch.cpp(363): warning C4244: '正在初始化': 將 '_Tp' 轉換為 'int'，由於類型不同，可能導致資料遺失
          with
          [
              _Tp=float
          ]
d:\course_project\visual effects image stitch\visual effects image stitch\visual effects image stitch.cpp(369): warning C4244: '正在初始化': 將 '_Tp' 轉換為 'int'，由於類型不同，可能導致資料遺失
          with
          [
              _Tp=float
          ]
d:\course_project\visual effects image stitch\visual effects image stitch\visual effects image stitch.cpp(370): warning C4244: '正在初始化': 將 '_Tp' 轉換為 'int'，由於類型不同，可能導致資料遺失
          with
          [
              _Tp=float
          ]
d:\course_project\visual effects image stitch\visual effects image stitch\visual effects image stitch.cpp(395): warning C4244: '正在初始化': 將 '_Tp' 轉換為 'int'，由於類型不同，可能導致資料遺失
          with
          [
              _Tp=float
          ]
d:\course_project\visual effects image stitch\visual effects image stitch\visual effects image stitch.cpp(396): warning C4244: '正在初始化': 將 '_Tp' 轉換為 'int'，由於類型不同，可能導致資料遺失
          with
          [
              _Tp=float
          ]
d:\course_project\visual effects image stitch\visual effects image stitch\visual effects image stitch.cpp(397): warning C4244: '正在初始化': 將 '_Tp' 轉換為 'int'，由於類型不同，可能導致資料遺失
          with
          [
              _Tp=float
          ]
d:\course_project\visual effects image stitch\visual effects image stitch\visual effects image stitch.cpp(398): warning C4244: '正在初始化': 將 '_Tp' 轉換為 'int'，由於類型不同，可能導致資料遺失
          with
          [
              _Tp=float
          ]
  正在產生程式碼
  1 of 900 functions ( 0.1%) were compiled, the rest were copied from previous compilation.
    0 functions were new in current compilation
    1 functions had inline decision re-evaluated but remain unchanged
  已完成程式碼產生
  Visual Effects Image Stitch.vcxproj -> D:\Course_project\Visual Effects Image Stitch\x64\Release\Visual Effects Image Stitch.exe
